<?xml version="1.0" encoding="UTF-8"?>
<!-- Generated by org.testng.reporters.JUnitXMLReporter -->
<testsuite hostname="XTTD-2020DZRAYN" name="Test" tests="16" failures="0" timestamp="7 Apr 2020 02:06:32 GMT" time="176.955" errors="0">
  <testcase name="login" time="21.972" classname="TestCase.Login"/>
  <testcase name="shouye" time="1.956" classname="TestCase.FistPage"/>
  <testcase name="qiyeliebiao" time="6.132" classname="platformmanage.BusinessLists"/>
  <testcase name="DuanXinMuBan" time="15.665" classname="platformmanage.SMSTemplate"/>
  <testcase name="QiYeGuanXiGuanLi" time="12.96" classname="platformmanage.PhoneRelease"/>
  <testcase name="GongHaoBaiMingDan" time="15.8" classname="platformmanage.JobNoOfWhiteList"/>
  <testcase name="ShangChenMuLu" time="9.602" classname="platformmanage.ShoppingMallDirectory"/>
  <testcase name="JanKangMa" time="10.359" classname="platformmanage.HealthCode"/>
  <testcase name="AddXiaShuQiYe" time="10.342" classname="channelmanagement.NewSubordinateEnterprises"/>
  <testcase name="QiYeList" time="10.314" classname="channelmanagement.SalesForceList"/>
  <testcase name="XiaoShouJiFen" time="10.281" classname="channelmanagement.SalesStaffCreditInformation"/>
  <testcase name="KeFuPersionList" time="10.312" classname="channelmanagement.CustomerServicePersonnelList"/>
  <testcase name="FaBuCommpdities" time="10.294" classname="businessmanager.ReleaseCommodities"/>
  <testcase name="OnsaleList" time="10.307" classname="businessmanager.ListOfItemsOnSale"/>
  <testcase name="ShoppingManager" time="10.35" classname="businessmanager.BrandLabel"/>
  <testcase name="ProductAgreementManagenent" time="10.28" classname="businessmanager.CommodityAgreementManagement"/>
</testsuite> <!-- Test -->
