<?xml version="1.0" encoding="UTF-8"?>
<testng-results skipped="0" failed="0" total="1" passed="1">
  <reporter-output>
  </reporter-output>
  <suite name="Surefire suite" duration-ms="297165" started-at="2020-04-22T02:14:07Z" finished-at="2020-04-22T02:19:04Z">
    <groups>
    </groups>
    <test name="Surefire test" duration-ms="297165" started-at="2020-04-22T02:14:07Z" finished-at="2020-04-22T02:19:04Z">
      <class name="com.accp.AppTest">
        <test-method status="PASS" signature="shouldAnswerWithTrue()[pri:0, instance:com.accp.AppTest@735b478]" name="shouldAnswerWithTrue" duration-ms="297159" started-at="2020-04-22T10:14:07Z" finished-at="2020-04-22T10:19:04Z">
          <reporter-output>
          </reporter-output>
        </test-method> <!-- shouldAnswerWithTrue -->
      </class> <!-- com.accp.AppTest -->
    </test> <!-- Surefire test -->
  </suite> <!-- Surefire suite -->
</testng-results>
